2024-06-27 22:30:00 Produced message on topic sentences with value of {"sentence": "The straight accordance appraises expectation."}

2024-06-27 22:30:02 Produced message on topic sentences with value of {"sentence": "The slimy jewelry blots stump."}

2024-06-27 22:30:05 Produced message on topic sentences with value of {"sentence": "The aboard recognition stimulates pin."}

2024-06-27 22:30:10 Produced message on topic sentences with value of {"sentence": "The low chatter distributes dwelling."}

2024-06-27 22:30:14 Produced message on topic sentences with value of {"sentence": "The uppity science hates membrane."}

2024-06-27 22:30:18 Produced message on topic sentences with value of {"sentence": "The flaky sailor wails ego."}

2024-06-27 22:30:21 Produced message on topic sentences with value of {"sentence": "The gaudy triad shrinks employ."}

2024-06-27 22:30:28 Produced message on topic sentences with value of {"sentence": "The temporary twist considers probability."}

2024-06-27 22:30:38 Produced message on topic sentences with value of {"sentence": "The good bladder signals chairman."}

2024-06-27 22:30:41 Produced message on topic sentences with value of {"sentence": "The cold owner scares joke."}

2024-06-27 22:30:45 Produced message on topic sentences with value of {"sentence": "The aquatic continuity deceives standing."}

2024-06-27 22:30:48 Produced message on topic sentences with value of {"sentence": "The unsightly graduation proposes sundae."}

2024-06-27 22:30:53 Produced message on topic sentences with value of {"sentence": "The squalid espadrille recruits teapot."}

2024-06-27 22:30:57 Produced message on topic sentences with value of {"sentence": "The crooked device greases dollop."}

2024-06-27 22:31:00 Produced message on topic sentences with value of {"sentence": "The diligent experiment steps income."}

2024-06-27 22:31:02 Produced message on topic sentences with value of {"sentence": "The rough export sells domain."}

2024-06-27 22:31:06 Produced message on topic sentences with value of {"sentence": "The thirsty monument reviews handover."}

2024-06-27 22:31:09 Produced message on topic sentences with value of {"sentence": "The majestic crocus troubleshoots hawk."}

2024-06-27 22:31:11 Produced message on topic sentences with value of {"sentence": "The immense thunderhead overtakes can."}

2024-06-27 22:31:14 Produced message on topic sentences with value of {"sentence": "The wild tea stitches hunger."}

2024-06-27 22:31:16 Produced message on topic sentences with value of {"sentence": "The materialistic grill names lizard."}

2024-06-27 22:31:23 Produced message on topic sentences with value of {"sentence": "The squalid cliff signals tree."}

2024-06-27 22:31:26 Produced message on topic sentences with value of {"sentence": "The rotten cardigan modifies nightmare."}

2024-06-27 22:31:28 Produced message on topic sentences with value of {"sentence": "The volatile protein sings mine."}

2024-06-27 22:31:31 Produced message on topic sentences with value of {"sentence": "The careful scrutiny specifies typeface."}

2024-06-27 22:31:34 Produced message on topic sentences with value of {"sentence": "The average stumbling sneezes subcontractor."}

2024-06-27 22:31:37 Produced message on topic sentences with value of {"sentence": "The tough racist produces exocrine."}

2024-06-27 22:31:39 Produced message on topic sentences with value of {"sentence": "The itchy button affords ironclad."}

2024-06-27 22:31:40 Produced message on topic sentences with value of {"sentence": "The voiceless jicama follows emergent."}

2024-06-27 22:31:43 Produced message on topic sentences with value of {"sentence": "The horrible eggplant licenses jaw."}

2024-06-27 22:31:45 Produced message on topic sentences with value of {"sentence": "The silent disgust marks wren."}

2024-06-27 22:31:46 Produced message on topic sentences with value of {"sentence": "The tested mainstream attaches emergency."}

2024-06-27 22:31:48 Produced message on topic sentences with value of {"sentence": "The bad therapy bleaches bourgeoisie."}

2024-06-27 22:31:51 Produced message on topic sentences with value of {"sentence": "The shocking suet fires receptor."}

2024-06-27 22:32:01 Produced message on topic sentences with value of {"sentence": "The quickest banner preserves loafer."}

2024-06-27 22:32:07 Produced message on topic sentences with value of {"sentence": "The colossal roundabout pays revolver."}

2024-06-27 22:32:09 Produced message on topic sentences with value of {"sentence": "The faulty frontier fights giggle."}

2024-06-27 22:32:12 Produced message on topic sentences with value of {"sentence": "The old wit reports seller."}

2024-06-27 22:32:14 Produced message on topic sentences with value of {"sentence": "The seemly look overflows spray."}

2024-06-27 22:32:17 Produced message on topic sentences with value of {"sentence": "The succinct pagan expresses lollipop."}

2024-06-27 22:32:20 Produced message on topic sentences with value of {"sentence": "The disturbed goddess places nightmare."}

2024-06-27 22:32:24 Produced message on topic sentences with value of {"sentence": "The broken chalet thrives anklet."}

2024-06-27 22:32:26 Produced message on topic sentences with value of {"sentence": "The ahead disdain exhibits vote."}

2024-06-27 22:32:29 Produced message on topic sentences with value of {"sentence": "The ill titanium hooks illusion."}

2024-06-27 22:32:32 Produced message on topic sentences with value of {"sentence": "The alcoholic lacquerware commands linseed."}

2024-06-27 22:32:34 Produced message on topic sentences with value of {"sentence": "The whimsical evaluator stains dune buggy."}

2024-06-27 22:32:37 Produced message on topic sentences with value of {"sentence": "The whispering tax decides worry."}

2024-06-27 22:32:39 Produced message on topic sentences with value of {"sentence": "The futuristic focus clears sensor."}

2024-06-27 22:32:41 Produced message on topic sentences with value of {"sentence": "The square modernist kepts pigeon."}

2024-06-27 22:32:43 Produced message on topic sentences with value of {"sentence": "The motionless pumpernickel hangs caution."}

2024-06-27 22:32:45 Produced message on topic sentences with value of {"sentence": "The diligent afterthought winds refund."}

2024-06-27 22:32:47 Produced message on topic sentences with value of {"sentence": "The cruel tonic purchases land."}

2024-06-27 22:32:49 Produced message on topic sentences with value of {"sentence": "The stupid hash breeds poker."}

2024-06-27 22:32:51 Produced message on topic sentences with value of {"sentence": "The lean yellowjacket posts webinar."}

2024-06-27 22:33:02 Produced message on topic sentences with value of {"sentence": "The sneaky painter addresses processor."}

2024-06-27 22:33:05 Produced message on topic sentences with value of {"sentence": "The drab involvement floods designer."}

2024-06-27 22:33:07 Produced message on topic sentences with value of {"sentence": "The wicked cod bombs theology."}

2024-06-27 22:33:11 Produced message on topic sentences with value of {"sentence": "The grouchy felony locates originality."}

2024-06-27 22:33:18 Produced message on topic sentences with value of {"sentence": "The fine fishmonger editeds attitude."}

2024-06-27 22:33:23 Produced message on topic sentences with value of {"sentence": "The sneaky scenario branches sick."}

2024-06-27 22:33:26 Produced message on topic sentences with value of {"sentence": "The better raid understands milepost."}

2024-06-27 22:33:28 Produced message on topic sentences with value of {"sentence": "The vulgar euphonium trembles rug."}

2024-06-27 22:33:29 Produced message on topic sentences with value of {"sentence": "The rampant review overflows statement."}

2024-06-27 22:33:32 Produced message on topic sentences with value of {"sentence": "The evasive lead camps chop."}

2024-06-27 22:33:34 Produced message on topic sentences with value of {"sentence": "The worthless serum accomplishes gingerbread."}

2024-06-27 22:33:37 Produced message on topic sentences with value of {"sentence": "The evanescent dime overhears mushroom."}

2024-06-27 22:33:48 Produced message on topic sentences with value of {"sentence": "The good clipboard reviews insurance."}

2024-06-27 22:33:53 Produced message on topic sentences with value of {"sentence": "The smooth best-seller parks throat."}

2024-06-27 22:33:55 Produced message on topic sentences with value of {"sentence": "The clever suburb muddles paper."}

2024-06-27 22:34:00 Produced message on topic sentences with value of {"sentence": "The silky infix clarifies insomnia."}

2024-06-27 22:34:03 Produced message on topic sentences with value of {"sentence": "The fat passage works tourism."}

2024-06-27 22:34:04 Produced message on topic sentences with value of {"sentence": "The frightened minibus stings infarction."}

2024-06-27 22:34:07 Produced message on topic sentences with value of {"sentence": "The determined date confesses fob."}

2024-06-27 22:34:11 Produced message on topic sentences with value of {"sentence": "The wise comparison perfects ottoman."}

2024-06-27 22:34:13 Produced message on topic sentences with value of {"sentence": "The upbeat coffee fills elk."}

2024-06-27 22:34:15 Produced message on topic sentences with value of {"sentence": "The dashing vitality withdraws calibre."}

2024-06-27 22:34:18 Produced message on topic sentences with value of {"sentence": "The calm style disarms fanny-pack."}

2024-06-27 22:34:20 Produced message on topic sentences with value of {"sentence": "The crooked anklet realigns pole."}

2024-06-27 22:34:22 Produced message on topic sentences with value of {"sentence": "The dark taco restructures pillbox."}

2024-06-27 22:34:28 Produced message on topic sentences with value of {"sentence": "The flaky flung bares down."}

2024-06-27 22:34:31 Produced message on topic sentences with value of {"sentence": "The awful suit tutors instrumentalist."}

2024-06-27 22:34:33 Produced message on topic sentences with value of {"sentence": "The tan pirate bathes legislator."}

2024-06-27 22:34:34 Produced message on topic sentences with value of {"sentence": "The draconian stain undertakes boycott."}

2024-06-27 22:34:36 Produced message on topic sentences with value of {"sentence": "The wild loft beholds submitter."}

2024-06-27 22:34:38 Produced message on topic sentences with value of {"sentence": "The nauseating compass advises inheritance."}

2024-06-27 22:34:40 Produced message on topic sentences with value of {"sentence": "The overconfident cope prevents grapefruit."}

2024-06-27 22:34:43 Produced message on topic sentences with value of {"sentence": "The somber azimuth rehabilitates cloud."}

2024-06-27 22:34:44 Produced message on topic sentences with value of {"sentence": "The political amazement frightens ceramics."}

2024-06-27 22:34:46 Produced message on topic sentences with value of {"sentence": "The habitual cheetah forsakes clan."}

2024-06-27 22:34:48 Produced message on topic sentences with value of {"sentence": "The inconclusive vitro claims manner."}

2024-06-27 22:34:51 Produced message on topic sentences with value of {"sentence": "The juvenile retirement overdos tan."}

2024-06-27 22:34:53 Produced message on topic sentences with value of {"sentence": "The impossible conduct polishes lout."}

2024-06-27 22:34:55 Produced message on topic sentences with value of {"sentence": "The macabre walk rushes package."}

2024-06-27 22:34:57 Produced message on topic sentences with value of {"sentence": "The plastic keystone applieds judge."}

2024-06-27 22:35:02 Produced message on topic sentences with value of {"sentence": "The quickest charger escapes locket."}

2024-06-27 22:35:05 Produced message on topic sentences with value of {"sentence": "The gabby follower succeeds note."}

2024-06-27 22:35:07 Produced message on topic sentences with value of {"sentence": "The tasteless reserve undergos arithmetic."}

2024-06-27 22:35:10 Produced message on topic sentences with value of {"sentence": "The temporary savannah demonstrates consist."}

2024-06-27 22:35:17 Produced message on topic sentences with value of {"sentence": "The acceptable mule lends bulk."}

2024-06-27 22:35:25 Produced message on topic sentences with value of {"sentence": "The handsomely viability books coverage."}

2024-06-27 22:35:27 Produced message on topic sentences with value of {"sentence": "The nostalgic marshland lights loaf."}

2024-06-27 22:35:31 Produced message on topic sentences with value of {"sentence": "The alike ratepayer tricks postage."}

2024-06-27 22:35:37 Produced message on topic sentences with value of {"sentence": "The axiomatic airline reconciles engineer."}

2024-06-27 22:35:39 Produced message on topic sentences with value of {"sentence": "The picayune manufacturing observes foot."}

2024-06-27 22:35:42 Produced message on topic sentences with value of {"sentence": "The abhorrent period destroys cave."}

2024-06-27 22:35:44 Produced message on topic sentences with value of {"sentence": "The elderly morbidity forbids boycott."}

2024-06-27 22:35:45 Produced message on topic sentences with value of {"sentence": "The crowded lunge hates surroundings."}

2024-06-27 22:35:49 Produced message on topic sentences with value of {"sentence": "The needy livestock grins standardisation."}

2024-06-27 22:35:51 Produced message on topic sentences with value of {"sentence": "The poised school signals drive."}

2024-06-27 22:35:55 Produced message on topic sentences with value of {"sentence": "The kind rush ensures aquifer."}

2024-06-27 22:35:57 Produced message on topic sentences with value of {"sentence": "The lethal pace claims entertainment."}

2024-06-27 22:36:00 Produced message on topic sentences with value of {"sentence": "The hot television stains lock."}

2024-06-27 22:36:02 Produced message on topic sentences with value of {"sentence": "The awful approach changes recollection."}

2024-06-27 22:36:04 Produced message on topic sentences with value of {"sentence": "The fluffy pail initiates mattress."}

2024-06-27 22:36:06 Produced message on topic sentences with value of {"sentence": "The strange tavern curves jaguar."}

2024-06-27 22:36:07 Produced message on topic sentences with value of {"sentence": "The calm nourishment doubts dimple."}

2024-06-27 22:36:09 Produced message on topic sentences with value of {"sentence": "The decorous seaplane repairs macro."}

2024-06-27 22:36:13 Produced message on topic sentences with value of {"sentence": "The thinkable dimension bets escape."}

2024-06-27 22:36:15 Produced message on topic sentences with value of {"sentence": "The dark vibe juggles first."}

2024-06-27 22:36:17 Produced message on topic sentences with value of {"sentence": "The bawdy refuge loses top."}

2024-06-27 22:36:18 Produced message on topic sentences with value of {"sentence": "The furtive roommate offends clearance."}

2024-06-27 22:36:20 Produced message on topic sentences with value of {"sentence": "The painful drapes proofreads vase."}

2024-06-27 22:36:21 Produced message on topic sentences with value of {"sentence": "The billowy production marries stem."}

2024-06-27 22:36:23 Produced message on topic sentences with value of {"sentence": "The straight steel shapes checkbook."}

2024-06-27 22:36:25 Produced message on topic sentences with value of {"sentence": "The organic dime forces pool."}

2024-06-27 22:36:29 Produced message on topic sentences with value of {"sentence": "The zippy millstone multiplies lie."}

2024-06-27 22:36:31 Produced message on topic sentences with value of {"sentence": "The anxious admission publicizes stealth."}

2024-06-27 22:36:36 Produced message on topic sentences with value of {"sentence": "The lean way accepts syndrome."}

2024-06-27 22:36:42 Produced message on topic sentences with value of {"sentence": "The uppity daily reproduces scratch."}

2024-06-27 22:36:44 Produced message on topic sentences with value of {"sentence": "The tawdry dune sounds integer."}

2024-06-27 22:36:47 Produced message on topic sentences with value of {"sentence": "The stupid marxism taps local."}

2024-06-27 22:36:56 Produced message on topic sentences with value of {"sentence": "The quickest caution hovers invention."}

2024-06-27 22:37:02 Produced message on topic sentences with value of {"sentence": "The substantial brake stings democrat."}

2024-06-27 22:37:07 Produced message on topic sentences with value of {"sentence": "The encouraging whorl casts muscle."}

2024-06-27 22:37:13 Produced message on topic sentences with value of {"sentence": "The thoughtful communion endures custom."}

2024-06-27 22:37:22 Produced message on topic sentences with value of {"sentence": "The raspy madam files cloud."}

2024-06-27 22:37:25 Produced message on topic sentences with value of {"sentence": "The reflective analytics specifies accent."}

2024-06-27 22:37:28 Produced message on topic sentences with value of {"sentence": "The odd pop heaps carol."}

2024-06-27 22:37:31 Produced message on topic sentences with value of {"sentence": "The axiomatic industrialisation controls door."}

2024-06-27 22:37:35 Produced message on topic sentences with value of {"sentence": "The poor ant pleads adobe."}

2024-06-27 22:37:36 Produced message on topic sentences with value of {"sentence": "The irate bratwurst signs breast."}

2024-06-27 22:37:38 Produced message on topic sentences with value of {"sentence": "The precious proprietor pinpoints prairie."}

2024-06-27 22:37:39 Produced message on topic sentences with value of {"sentence": "The motionless wastebasket meets terrorism."}

2024-06-27 22:37:41 Produced message on topic sentences with value of {"sentence": "The hot likeness jokes cashier."}

2024-06-27 22:37:44 Produced message on topic sentences with value of {"sentence": "The abrasive elite clothes disappointment."}

2024-06-27 22:37:47 Produced message on topic sentences with value of {"sentence": "The afraid jug fills flame."}

2024-06-27 22:37:49 Produced message on topic sentences with value of {"sentence": "The recondite pouch composes layer."}

2024-06-27 22:38:12 Produced message on topic sentences with value of {"sentence": "The towering phase relies trove."}

2024-06-27 22:38:13 Produced message on topic sentences with value of {"sentence": "The fine puffin reflects bog."}

2024-06-27 22:38:14 Produced message on topic sentences with value of {"sentence": "The ultra creche inventories outlay."}

2024-06-27 22:38:15 Produced message on topic sentences with value of {"sentence": "The careful leopard beams prisoner."}

2024-06-27 22:38:17 Produced message on topic sentences with value of {"sentence": "The fancy currant watches corral."}

2024-06-27 22:38:19 Produced message on topic sentences with value of {"sentence": "The icky catcher bursts discrepancy."}

2024-06-27 22:38:20 Produced message on topic sentences with value of {"sentence": "The chunky probability induces wild."}

2024-06-27 22:38:22 Produced message on topic sentences with value of {"sentence": "The gorgeous interval pushes campanile."}

2024-06-27 22:38:23 Produced message on topic sentences with value of {"sentence": "The jumpy quilt misunderstands hellcat."}

2024-06-27 22:38:24 Produced message on topic sentences with value of {"sentence": "The scientific software flies pocket-watch."}

2024-06-27 22:38:26 Produced message on topic sentences with value of {"sentence": "The jobless wastebasket creeps bamboo."}

2024-06-27 22:38:28 Produced message on topic sentences with value of {"sentence": "The fabulous ring finances coast."}

2024-06-27 22:38:32 Produced message on topic sentences with value of {"sentence": "The crabby hall sows stance."}

2024-06-27 22:38:34 Produced message on topic sentences with value of {"sentence": "The lonely miracle licenses activist."}

2024-06-27 22:38:35 Produced message on topic sentences with value of {"sentence": "The melodic hiking damages visit."}

2024-06-27 22:38:37 Produced message on topic sentences with value of {"sentence": "The brainy angel abides palm."}

2024-06-27 22:38:39 Produced message on topic sentences with value of {"sentence": "The blue gravy passes excellence."}

2024-06-27 22:38:40 Produced message on topic sentences with value of {"sentence": "The observant mortality runs cuisine."}

2024-06-27 22:38:41 Produced message on topic sentences with value of {"sentence": "The ruthless merchandise devises underneath."}

2024-06-27 22:38:43 Produced message on topic sentences with value of {"sentence": "The godly mangle fears dash."}

2024-06-27 22:38:44 Produced message on topic sentences with value of {"sentence": "The modern waitress boasts cashew."}

2024-06-27 22:38:45 Produced message on topic sentences with value of {"sentence": "The voiceless partner relaxes photo."}

2024-06-27 22:38:46 Produced message on topic sentences with value of {"sentence": "The adorable basin prays bomb."}

2024-06-27 22:38:48 Produced message on topic sentences with value of {"sentence": "The cheerful railing proves courage."}

2024-06-27 22:38:50 Produced message on topic sentences with value of {"sentence": "The miniature homeownership attacks presentation."}

2024-06-27 22:38:51 Produced message on topic sentences with value of {"sentence": "The coherent knock offends purchase."}

2024-06-27 22:38:53 Produced message on topic sentences with value of {"sentence": "The fallacious trash marks welcome."}

2024-06-27 22:38:55 Produced message on topic sentences with value of {"sentence": "The aromatic bolero replaces turnover."}

2024-06-27 22:38:56 Produced message on topic sentences with value of {"sentence": "The empty commerce treads neck."}

2024-06-27 22:38:58 Produced message on topic sentences with value of {"sentence": "The squealing digit examines environment."}

2024-06-27 22:38:59 Produced message on topic sentences with value of {"sentence": "The amuck planet costs fob."}

2024-06-27 22:39:01 Produced message on topic sentences with value of {"sentence": "The yellow spike informs everyone."}

2024-06-27 22:39:03 Produced message on topic sentences with value of {"sentence": "The literate minimum requests skate."}

2024-06-27 22:39:07 Produced message on topic sentences with value of {"sentence": "The jittery innocent begs storm."}

2024-06-27 22:39:08 Produced message on topic sentences with value of {"sentence": "The few ziggurat researches tabby."}

2024-06-27 22:39:10 Produced message on topic sentences with value of {"sentence": "The macabre skyline institutes razor."}

2024-06-27 22:39:11 Produced message on topic sentences with value of {"sentence": "The heady broiler critiques jute."}

2024-06-27 22:39:13 Produced message on topic sentences with value of {"sentence": "The flaky wraparound bites aftershave."}

2024-06-27 22:39:14 Produced message on topic sentences with value of {"sentence": "The imperfect commodity busts characteristic."}

2024-06-27 22:39:17 Produced message on topic sentences with value of {"sentence": "The incandescent violence phones sale."}

2024-06-27 22:39:19 Produced message on topic sentences with value of {"sentence": "The fanatical TV ranks aardvark."}

2024-06-27 22:39:20 Produced message on topic sentences with value of {"sentence": "The billowy moron whips doing."}

2024-06-27 22:39:22 Produced message on topic sentences with value of {"sentence": "The graceful salad sinks cuticle."}

2024-06-27 22:39:25 Produced message on topic sentences with value of {"sentence": "The wretched tumbler delights denominator."}

2024-06-27 22:39:26 Produced message on topic sentences with value of {"sentence": "The aberrant migrant feeds obesity."}

2024-06-27 22:39:28 Produced message on topic sentences with value of {"sentence": "The obedient behalf pretends steamroller."}

2024-06-27 22:39:29 Produced message on topic sentences with value of {"sentence": "The tiresome fortnight battles circumference."}

2024-06-27 22:39:31 Produced message on topic sentences with value of {"sentence": "The humdrum dolphin sews panty."}

2024-06-27 22:39:33 Produced message on topic sentences with value of {"sentence": "The wrathful girdle dissects peach."}

2024-06-27 22:39:34 Produced message on topic sentences with value of {"sentence": "The teeny mushroom fades bow."}

2024-06-27 22:39:35 Produced message on topic sentences with value of {"sentence": "The successful hovel observes cart."}

2024-06-27 22:39:37 Produced message on topic sentences with value of {"sentence": "The halting skull queues princess."}

2024-06-27 22:39:38 Produced message on topic sentences with value of {"sentence": "The bored lobotomy introduces taxicab."}

2024-06-27 22:39:40 Produced message on topic sentences with value of {"sentence": "The hurt fiction whines styling."}

2024-06-27 22:39:41 Produced message on topic sentences with value of {"sentence": "The cuddly coconut acteds burn-out."}

2024-06-27 22:39:42 Produced message on topic sentences with value of {"sentence": "The obedient chauvinist mans ethnicity."}

2024-06-27 22:39:43 Produced message on topic sentences with value of {"sentence": "The earsplitting medal stamps stable."}

2024-06-27 22:39:45 Produced message on topic sentences with value of {"sentence": "The loose cloves soothes ephemeris."}

2024-06-27 22:39:46 Produced message on topic sentences with value of {"sentence": "The satisfying pennant stores harmonica."}

2024-06-27 22:39:47 Produced message on topic sentences with value of {"sentence": "The piquant veto folds count."}

2024-06-27 22:39:48 Produced message on topic sentences with value of {"sentence": "The stereotyped testimony packs pleat."}

2024-06-27 22:39:50 Produced message on topic sentences with value of {"sentence": "The tricky kid hits cage."}

2024-06-27 22:39:51 Produced message on topic sentences with value of {"sentence": "The graceful cork sneaks guilder."}

2024-06-27 22:39:52 Produced message on topic sentences with value of {"sentence": "The vague classification restructures fly."}

2024-06-27 22:39:53 Produced message on topic sentences with value of {"sentence": "The subsequent piracy grates modeling."}

2024-06-27 22:39:54 Produced message on topic sentences with value of {"sentence": "The secretive cent loads sibling."}

2024-06-27 22:39:55 Produced message on topic sentences with value of {"sentence": "The hysterical turtle sniffs immigration."}

2024-06-27 22:39:57 Produced message on topic sentences with value of {"sentence": "The nutty tripod whips treatment."}

2024-06-27 22:39:58 Produced message on topic sentences with value of {"sentence": "The goofy tune breaks greens."}

2024-06-27 22:39:59 Produced message on topic sentences with value of {"sentence": "The literate info wrings use."}

2024-06-27 22:40:01 Produced message on topic sentences with value of {"sentence": "The afraid sale shocks insight."}

2024-06-27 22:40:02 Produced message on topic sentences with value of {"sentence": "The soft female tames merchandise."}

2024-06-27 22:40:03 Produced message on topic sentences with value of {"sentence": "The guiltless dynamics justifies painting."}

2024-06-27 22:40:04 Produced message on topic sentences with value of {"sentence": "The sleepy paperback scolds balloon."}

2024-06-27 22:40:06 Produced message on topic sentences with value of {"sentence": "The vivacious tradition guides cover."}

2024-06-27 22:40:07 Produced message on topic sentences with value of {"sentence": "The economic priest replaces scholarship."}

2024-06-27 22:40:08 Produced message on topic sentences with value of {"sentence": "The odd uplift fixes clamp."}

2024-06-27 22:40:09 Produced message on topic sentences with value of {"sentence": "The overjoyed sightseeing manufactures reasoning."}

2024-06-27 22:40:10 Produced message on topic sentences with value of {"sentence": "The energetic pug attracts tusk."}

2024-06-27 22:40:12 Produced message on topic sentences with value of {"sentence": "The cowardly stepdaughter tumbles printing."}

2024-06-27 22:40:13 Produced message on topic sentences with value of {"sentence": "The known grid fits jackal."}

2024-06-27 22:40:14 Produced message on topic sentences with value of {"sentence": "The cold maintenance prefers tan."}

2024-06-27 22:40:15 Produced message on topic sentences with value of {"sentence": "The aback licence pedals conga."}

2024-06-27 22:40:16 Produced message on topic sentences with value of {"sentence": "The internal miracle orienteds principle."}

2024-06-27 22:40:18 Produced message on topic sentences with value of {"sentence": "The creepy orient washes ban."}

2024-06-27 22:40:21 Produced message on topic sentences with value of {"sentence": "The nasty decimal sweeps cross-contamination."}

2024-06-27 22:40:23 Produced message on topic sentences with value of {"sentence": "The wiry field orienteds textual."}

2024-06-27 22:40:25 Produced message on topic sentences with value of {"sentence": "The yummy newsprint loves excellence."}

2024-06-27 22:40:26 Produced message on topic sentences with value of {"sentence": "The belligerent runaway commands talk."}

2024-06-27 22:40:28 Produced message on topic sentences with value of {"sentence": "The disagreeable prelude administers directive."}

2024-06-27 22:40:29 Produced message on topic sentences with value of {"sentence": "The deranged hospital warns arithmetic."}

2024-06-27 22:40:31 Produced message on topic sentences with value of {"sentence": "The sparkling churn acquires mosque."}

2024-06-27 22:40:36 Produced message on topic sentences with value of {"sentence": "The jaded potato types producer."}

2024-06-27 22:40:38 Produced message on topic sentences with value of {"sentence": "The small detective washes oleo."}

2024-06-27 22:40:39 Produced message on topic sentences with value of {"sentence": "The tangy summit shivers mangrove."}

2024-06-27 22:40:41 Produced message on topic sentences with value of {"sentence": "The light sleet weaves trowel."}

2024-06-27 22:40:42 Produced message on topic sentences with value of {"sentence": "The maddening reward vexes drudgery."}

2024-06-27 22:40:44 Produced message on topic sentences with value of {"sentence": "The goofy exam intends whelp."}

2024-06-27 22:40:45 Produced message on topic sentences with value of {"sentence": "The fretful divan settles bite."}

2024-06-27 22:40:46 Produced message on topic sentences with value of {"sentence": "The nasty matrix studies artichoke."}

2024-06-27 22:40:48 Produced message on topic sentences with value of {"sentence": "The smooth blackbird scrubs variety."}

2024-06-27 22:40:49 Produced message on topic sentences with value of {"sentence": "The icky spit prays swan."}

2024-06-27 22:40:50 Produced message on topic sentences with value of {"sentence": "The old exhaust moors consensus."}

2024-06-27 22:40:52 Produced message on topic sentences with value of {"sentence": "The soggy whiskey appreciates wax."}

2024-06-27 22:40:53 Produced message on topic sentences with value of {"sentence": "The alive fear spills puddle."}

2024-06-27 22:40:55 Produced message on topic sentences with value of {"sentence": "The open confidentiality jails dibble."}

2024-06-27 22:40:56 Produced message on topic sentences with value of {"sentence": "The ahead ribbon annoys jellybeans."}

2024-06-27 22:40:57 Produced message on topic sentences with value of {"sentence": "The pleasant bug entertains netsuke."}

2024-06-27 22:40:58 Produced message on topic sentences with value of {"sentence": "The psychotic personnel updates picturesque."}

2024-06-27 22:40:59 Produced message on topic sentences with value of {"sentence": "The envious method visits shock."}

2024-06-27 22:41:01 Produced message on topic sentences with value of {"sentence": "The funny index stores novel."}

2024-06-27 22:41:02 Produced message on topic sentences with value of {"sentence": "The painstaking stepmother lights maracas."}

2024-06-27 22:41:03 Produced message on topic sentences with value of {"sentence": "The thundering liberty knocks twins."}

2024-06-27 22:41:04 Produced message on topic sentences with value of {"sentence": "The talented magnet causes glider."}

2024-06-27 22:41:05 Produced message on topic sentences with value of {"sentence": "The grouchy salute weeps plant."}

2024-06-27 22:41:06 Produced message on topic sentences with value of {"sentence": "The mighty elbow enlists lace."}

2024-06-27 22:41:08 Produced message on topic sentences with value of {"sentence": "The organic boom rids compliment."}

2024-06-27 22:41:09 Produced message on topic sentences with value of {"sentence": "The wistful capital fetches elf."}

2024-06-27 22:41:10 Produced message on topic sentences with value of {"sentence": "The condemned professional sells clavier."}

2024-06-27 22:41:15 Produced message on topic sentences with value of {"sentence": "The aboard prayer apologizes applewood."}

2024-06-27 22:41:16 Produced message on topic sentences with value of {"sentence": "The roomy consequence tastes revitalisation."}

2024-06-27 22:41:17 Produced message on topic sentences with value of {"sentence": "The illegal individual combs brewer."}

2024-06-27 22:41:18 Produced message on topic sentences with value of {"sentence": "The massive ballet laughs bongo."}

2024-06-27 22:41:20 Produced message on topic sentences with value of {"sentence": "The deeply stimulus counsels godparent."}

2024-06-27 22:41:21 Produced message on topic sentences with value of {"sentence": "The hurried developing doubles antennae."}

2024-06-27 22:41:23 Produced message on topic sentences with value of {"sentence": "The tangible arcade carries dramaturge."}

2024-06-27 22:41:24 Produced message on topic sentences with value of {"sentence": "The festive sprinter slings mine."}

2024-06-27 22:41:25 Produced message on topic sentences with value of {"sentence": "The wakeful afterlife handwrites bloomer."}

2024-06-27 22:41:26 Produced message on topic sentences with value of {"sentence": "The wandering margin juggles participation."}

2024-06-27 22:41:27 Produced message on topic sentences with value of {"sentence": "The bawdy fender watches engine."}

2024-06-27 22:41:28 Produced message on topic sentences with value of {"sentence": "The lyrical special navigates alternative."}

2024-06-27 22:41:29 Produced message on topic sentences with value of {"sentence": "The old entertainment jumps stain."}

2024-06-27 22:41:31 Produced message on topic sentences with value of {"sentence": "The stupid tube ruins reduction."}

2024-06-27 22:41:32 Produced message on topic sentences with value of {"sentence": "The tricky expertise mans castle."}

2024-06-27 22:41:33 Produced message on topic sentences with value of {"sentence": "The brief trachoma rises painter."}

2024-06-27 22:41:34 Produced message on topic sentences with value of {"sentence": "The tired brunch foretells spork."}

2024-06-27 22:41:36 Produced message on topic sentences with value of {"sentence": "The old-fashioned subset whips example."}

2024-06-27 22:41:37 Produced message on topic sentences with value of {"sentence": "The breakable pannier chases smolt."}

2024-06-27 22:41:39 Produced message on topic sentences with value of {"sentence": "The quack reach hunts in-joke."}

2024-06-27 22:41:40 Produced message on topic sentences with value of {"sentence": "The parsimonious announcement leaves theft."}

2024-06-27 22:41:42 Produced message on topic sentences with value of {"sentence": "The astonishing ranger broadcasts existence."}

2024-06-27 22:41:43 Produced message on topic sentences with value of {"sentence": "The gullible booklet learns hiking."}

2024-06-27 22:41:44 Produced message on topic sentences with value of {"sentence": "The magenta jogging reports aftershock."}

2024-06-27 22:41:46 Produced message on topic sentences with value of {"sentence": "The vengeful trek deserts patron."}

2024-06-27 22:41:48 Produced message on topic sentences with value of {"sentence": "The salty colloquy suspends scorpion."}

2024-06-27 22:41:49 Produced message on topic sentences with value of {"sentence": "The tested convection investigates motivation."}

2024-06-27 22:41:50 Produced message on topic sentences with value of {"sentence": "The omniscient beverage symbolizes alert."}

2024-06-27 22:41:51 Produced message on topic sentences with value of {"sentence": "The modern bronze deserves van."}

2024-06-27 22:41:53 Produced message on topic sentences with value of {"sentence": "The delightful baggie guarantees procedure."}

2024-06-27 22:41:54 Produced message on topic sentences with value of {"sentence": "The endurable fortune stitches grandmom."}

2024-06-27 22:41:56 Produced message on topic sentences with value of {"sentence": "The kind silly diverts manhunt."}

2024-06-27 22:41:57 Produced message on topic sentences with value of {"sentence": "The roasted union skis instructor."}

2024-06-27 22:41:59 Produced message on topic sentences with value of {"sentence": "The happy daisy lightens pole."}

2024-06-27 22:42:00 Produced message on topic sentences with value of {"sentence": "The disagreeable noodle simplifies socks."}

2024-06-27 22:42:01 Produced message on topic sentences with value of {"sentence": "The stormy workshop rules hall."}

2024-06-27 22:42:02 Produced message on topic sentences with value of {"sentence": "The rainy wound heaps directive."}

2024-06-27 22:42:04 Produced message on topic sentences with value of {"sentence": "The shocking fun loses arrow."}

2024-06-27 22:42:05 Produced message on topic sentences with value of {"sentence": "The alert crinoline tutors rainy."}

2024-06-27 22:42:06 Produced message on topic sentences with value of {"sentence": "The oceanic tract memorizes gravity."}

2024-06-27 22:42:08 Produced message on topic sentences with value of {"sentence": "The oval use needs mimosa."}

2024-06-27 22:42:09 Produced message on topic sentences with value of {"sentence": "The scary ability lends puritan."}

2024-06-27 22:42:11 Produced message on topic sentences with value of {"sentence": "The incandescent slope calls quartz."}

2024-06-27 22:42:12 Produced message on topic sentences with value of {"sentence": "The husky accident adopts prostrate."}

2024-06-27 22:42:13 Produced message on topic sentences with value of {"sentence": "The seemly savory borrows sadness."}

2024-06-27 22:42:18 Produced message on topic sentences with value of {"sentence": "The adjoining stockings heats ziggurat."}

2024-06-27 22:42:21 Produced message on topic sentences with value of {"sentence": "The marked furniture analyzes gosling."}

